  2024-6-26.c
D:\Program Files\C project\线性表\2024-6-26.c(8,14): error C2065: “NULL”: 未声明的标识符
D:\Program Files\C project\线性表\2024-6-26.c(8,8): warning C4047: “=”:“SLDataType *”与“int”的间接级别不同
D:\Program Files\C project\线性表\2024-6-26.c(14,21): error C2065: “x”: 未声明的标识符
D:\Program Files\C project\线性表\2024-6-26.c(23,34): warning C4013: “realloc”未定义；假设外部返回 int
D:\Program Files\C project\线性表\2024-6-26.c(23,82): warning C4312: “类型强制转换”: 从“int”转换到更大的“SLDataType *”
D:\Program Files\C project\线性表\2024-6-26.c(24,18): error C2065: “NULL”: 未声明的标识符
D:\Program Files\C project\线性表\2024-6-26.c(24,11): warning C4047: “==”:“SLDataType *”与“int”的间接级别不同
D:\Program Files\C project\线性表\2024-6-26.c(26,4): warning C4013: “printf”未定义；假设外部返回 int
D:\Program Files\C project\线性表\2024-6-26.c(27,4): warning C4013: “exit”未定义；假设外部返回 int
D:\Program Files\C project\线性表\2024-6-26.c(43,2): warning C4013: “assert”未定义；假设外部返回 int
D:\Program Files\C project\线性表\2024-6-26.c(63,15): error C2065: “begin”: 未声明的标识符
D:\Program Files\C project\线性表\2024-6-26.c(65,15): error C2065: “begin”: 未声明的标识符
D:\Program Files\C project\线性表\2024-6-26.c(65,33): error C2065: “begin”: 未声明的标识符
D:\Program Files\C project\线性表\2024-6-26.c(66,10): error C2065: “begin”: 未声明的标识符
  test.c
D:\Program Files\C project\线性表\test.c(7,2): warning C4013: “SeqListInit”未定义；假设外部返回 int
D:\Program Files\C project\线性表\test.c(24,2): warning C4013: “SeqListPrint”未定义；假设外部返回 int
D:\Program Files\C project\线性表\test.c(35,2): warning C4013: “SeqLIstDestory”未定义；假设外部返回 int
  正在生成代码...
